06.10.2018 16:00:22 +03:00 [logging] info: 127.0.0.1 - there's no place like home
06.10.2018 16:00:22 +03:00 [logging] warn: 127.0.0.1 - there's no place like home
06.10.2018 16:00:22 +03:00 [logging] error: 127.0.0.1 - there's no place like home
06.10.2018 16:00:22 +03:00 [logging] info: 127.0.0.1 - there's no place like home
06.10.2018 16:00:22 +03:00 [logging] warn: 127.0.0.1 - there's no place like home
06.10.2018 16:00:22 +03:00 [logging] error: 127.0.0.1 - there's no place like home
06.10.2018 16:02:48 +03:00 [logging] warn: app run
06.10.2018 16:03:06 +03:00 [logging] info: app run
06.10.2018 16:03:31 +03:00 [logging] info: app is working on http://localhost:8080
06.10.2018 16:03:59 +03:00 [logging] info: app is working on http://localhost:37939
06.10.2018 16:04:10 +03:00 [logging] info: app is working on http://localhost:43679
06.10.2018 16:05:59 +03:00 [logging] info: app is working on http://localhost:39843
06.10.2018 16:09:48 +03:00 [logging] info: app is working on http://localhost:46509
06.10.2018 16:10:12 +03:00 [logging] info: app is working on http://localhost:43067
06.10.2018 16:11:12 +03:00 [logging] info: app is working on http://localhost:34635
06.10.2018 16:11:54 +03:00 [logging] info: app is working on http://localhost:40941
06.10.2018 16:13:06 +03:00 [logging] info: app is working on http://localhost:33999
06.10.2018 16:14:03 +03:00 [logging] info: app is working on http://localhost:44515
06.10.2018 16:14:28 +03:00 [logging] info: app is working on http://localhost:35995
06.10.2018 16:14:41 +03:00 [logging] info: app is working on http://localhost:37445
06.10.2018 16:14:48 +03:00 [logging] info: app is working on http://localhost:43857
06.10.2018 16:15:07 +03:00 [logging] info: app is working on http://localhost:42275
06.10.2018 16:15:29 +03:00 [logging] info: app is working on http://localhost:34325
06.10.2018 16:15:44 +03:00 [logging] info: app is working on http://localhost:41805
06.10.2018 16:16:25 +03:00 [logging] info: app is working on http://localhost:35289
06.10.2018 16:16:53 +03:00 [logging] info: app is working on http://localhost:37567
06.10.2018 16:17:00 +03:00 [logging] info: app is working on http://localhost:38991
06.10.2018 16:17:09 +03:00 [logging] info: app is working on http://localhost:43901
06.10.2018 16:17:29 +03:00 [logging] info: app is working on http://localhost:34259
06.10.2018 16:18:19 +03:00 [logging] info: app is working on http://localhost:37187
06.10.2018 16:18:31 +03:00 [logging] info: app is working on http://localhost:41847
06.10.2018 16:18:45 +03:00 [logging] error: uncaughtException: listen EADDRINUSE :::3000
Error: listen EADDRINUSE :::3000
    at Server.setupListenHandle [as _listen2] (net.js:1286:14)
    at listenInCluster (net.js:1334:12)
    at Server.listen (net.js:1421:7)
    at Function.listen (/home/fedorrychkov/projects/svrlab.marketplace/node_modules/express/lib/application.js:618:24)
    at Object.<anonymous> (/home/fedorrychkov/projects/svrlab.marketplace/server/app.js:10:20)
    at Module._compile (internal/modules/cjs/loader.js:689:30)
    at loader (/home/fedorrychkov/projects/svrlab.marketplace/node_modules/babel-register/lib/node.js:144:5)
    at Object.require.extensions.(anonymous function) [as .js] (/home/fedorrychkov/projects/svrlab.marketplace/node_modules/babel-register/lib/node.js:154:7)
    at Module.load (internal/modules/cjs/loader.js:599:32)
    at tryModuleLoad (internal/modules/cjs/loader.js:538:12)
06.10.2018 16:19:10 +03:00 [logging] error: uncaughtException: listen EACCES 0.0.0.0:80
Error: listen EACCES 0.0.0.0:80
    at Server.setupListenHandle [as _listen2] (net.js:1269:19)
    at listenInCluster (net.js:1334:12)
    at Server.listen (net.js:1421:7)
    at Function.listen (/home/fedorrychkov/projects/svrlab.marketplace/node_modules/express/lib/application.js:618:24)
    at Object.<anonymous> (/home/fedorrychkov/projects/svrlab.marketplace/server/app.js:10:20)
    at Module._compile (internal/modules/cjs/loader.js:689:30)
    at loader (/home/fedorrychkov/projects/svrlab.marketplace/node_modules/babel-register/lib/node.js:144:5)
    at Object.require.extensions.(anonymous function) [as .js] (/home/fedorrychkov/projects/svrlab.marketplace/node_modules/babel-register/lib/node.js:154:7)
    at Module.load (internal/modules/cjs/loader.js:599:32)
    at tryModuleLoad (internal/modules/cjs/loader.js:538:12)
06.10.2018 16:19:17 +03:00 [logging] info: app is working on http://localhost:8080
06.10.2018 16:21:12 +03:00 [logging] info: app is working on http://localhost:8080
06.10.2018 16:21:33 +03:00 [logging] info: app is working on http://localhost:8080
