06.10.2018 16:18:45 +03:00 [err] error: uncaughtException: listen EADDRINUSE :::3000
Error: listen EADDRINUSE :::3000
    at Server.setupListenHandle [as _listen2] (net.js:1286:14)
    at listenInCluster (net.js:1334:12)
    at Server.listen (net.js:1421:7)
    at Function.listen (/home/fedorrychkov/projects/svrlab.marketplace/node_modules/express/lib/application.js:618:24)
    at Object.<anonymous> (/home/fedorrychkov/projects/svrlab.marketplace/server/app.js:10:20)
    at Module._compile (internal/modules/cjs/loader.js:689:30)
    at loader (/home/fedorrychkov/projects/svrlab.marketplace/node_modules/babel-register/lib/node.js:144:5)
    at Object.require.extensions.(anonymous function) [as .js] (/home/fedorrychkov/projects/svrlab.marketplace/node_modules/babel-register/lib/node.js:154:7)
    at Module.load (internal/modules/cjs/loader.js:599:32)
    at tryModuleLoad (internal/modules/cjs/loader.js:538:12)
06.10.2018 16:19:10 +03:00 [err] error: uncaughtException: listen EACCES 0.0.0.0:80
Error: listen EACCES 0.0.0.0:80
    at Server.setupListenHandle [as _listen2] (net.js:1269:19)
    at listenInCluster (net.js:1334:12)
    at Server.listen (net.js:1421:7)
    at Function.listen (/home/fedorrychkov/projects/svrlab.marketplace/node_modules/express/lib/application.js:618:24)
    at Object.<anonymous> (/home/fedorrychkov/projects/svrlab.marketplace/server/app.js:10:20)
    at Module._compile (internal/modules/cjs/loader.js:689:30)
    at loader (/home/fedorrychkov/projects/svrlab.marketplace/node_modules/babel-register/lib/node.js:144:5)
    at Object.require.extensions.(anonymous function) [as .js] (/home/fedorrychkov/projects/svrlab.marketplace/node_modules/babel-register/lib/node.js:154:7)
    at Module.load (internal/modules/cjs/loader.js:599:32)
    at tryModuleLoad (internal/modules/cjs/loader.js:538:12)
